<?xml version="1.0" encoding="UTF-8"?>
<testsuites name="LoginFeature" time="9.606" tests="1" failures="0" errors="0">
   <testsuite name="LoginFeature" tests="1" failures="0" errors="0" time="9.606" skipped="0" timestamp="2022-09-14 12:07:21" hostname="ardiantrik - MAT-GAMINGPC" id="Test Suites/LoginFeature">
      <properties>
         <property name="deviceName" value=""/>
         <property name="devicePlatform" value=""/>
         <property name="logFolder" value="C:\\Users\\Ardian Tri Kusuma\\Projects\\katalon-learn\\Reports\\20220914_120719\\LoginFeature\\20220914_120719"/>
         <property name="logFiles" value="C:\\Users\\Ardian Tri Kusuma\\Projects\\katalon-learn\\Reports\\20220914_120719\\LoginFeature\\20220914_120719\\execution0.log"/>
         <property name="attachments" value=""/>
         <property name="hostName" value="ardiantrik - MAT-GAMINGPC"/>
         <property name="os" value="Windows 10 64bit"/>
         <property name="katalonVersion" value="8.4.1.208"/>
         <property name="browser" value="Chrome 105.0.0.0"/>
         <property name="hostAddress" value="192.168.8.130"/>
         <property name="sessionId" value="67f40db31888f54dc421d1699f6e69b2"/>
         <property name="seleniumVersion" value="3.141.59"/>
         <property name="proxyInformation" value="ProxyInformation { proxyOption=NO_PROXY, proxyServerType=HTTP, username=, password=********, proxyServerAddress=, proxyServerPort=0, executionList=&quot;&quot;, isApplyToDesiredCapabilities=true }"/>
         <property name="platform" value="Windows 10"/>
      </properties>
      <testcase name="Test Cases/LoginFeature/SuccessLogin_TestCase" time="9.435" classname="Test Cases/LoginFeature/SuccessLogin_TestCase" status="PASSED">
         <system-out><![CDATA[2022-09-14 12:07:21 - [TEST_CASE][PASSED] - Test Cases/LoginFeature/SuccessLogin_TestCase: Test Cases/LoginFeature/SuccessLogin_TestCase

2022-09-14 12:07:21 - [TEST_STEP][PASSED] - openBrowser(""): Browser is opened with url: ''

2022-09-14 12:07:21 - [MESSAGE][INFO] - Starting 'Chrome' driver

2022-09-14 12:07:21 - [MESSAGE][INFO] - Action delay is set to 0 milliseconds

2022-09-14 12:07:23 - [MESSAGE][PASSED] - Browser is opened with url: ''

2022-09-14 12:07:23 - [TEST_STEP][PASSED] - navigateToUrl("https://opensource-demo.orangehrmlive.com/web/index.php/auth/login"): Navigate to 'https://opensource-demo.orangehrmlive.com/web/index.php/auth/login' successfully

2022-09-14 12:07:27 - [MESSAGE][PASSED] - Navigate to 'https://opensource-demo.orangehrmlive.com/web/index.php/auth/login' successfully

2022-09-14 12:07:27 - [TEST_STEP][PASSED] - setText(findTestObject("LoginPage_OrangeHRM/input_Username_username"), "Admin"): Text 'Admin' is set on object 'Object Repository/LoginPage_OrangeHRM/input_Username_username'

2022-09-14 12:07:29 - [MESSAGE][PASSED] - Text 'Admin' is set on object 'Object Repository/LoginPage_OrangeHRM/input_Username_username'

2022-09-14 12:07:29 - [TEST_STEP][PASSED] - setEncryptedText(findTestObject("LoginPage_OrangeHRM/input_Password_password"), "hUKwJTbofgPU9eVlw/CnDQ=="): Text ****** has been set on object 'Object Repository/LoginPage_OrangeHRM/input_Password_password'

2022-09-14 12:07:29 - [MESSAGE][PASSED] - Text ****** has been set on object 'Object Repository/LoginPage_OrangeHRM/input_Password_password'

2022-09-14 12:07:29 - [TEST_STEP][PASSED] - click(findTestObject("LoginPage_OrangeHRM/button_Login")): Object: 'Object Repository/LoginPage_OrangeHRM/button_Login' is clicked on

2022-09-14 12:07:30 - [MESSAGE][PASSED] - Object: 'Object Repository/LoginPage_OrangeHRM/button_Login' is clicked on

2022-09-14 12:07:30 - [TEST_STEP][PASSED] - closeBrowser(): Browser is closed

2022-09-14 12:07:30 - [MESSAGE][PASSED] - Browser is closed]]></system-out>
         <system-err><![CDATA[]]></system-err>
      </testcase>
      <system-out><![CDATA[2022-09-14 12:07:21 - [TEST_SUITE][PASSED] - LoginFeature: Test Cases/LoginFeature/SuccessLogin_TestCase]]></system-out>
      <system-err><![CDATA[]]></system-err>
   </testsuite>
</testsuites>
